# JRE version: Java(TM) SE Runtime Environment (17.0.15+9) (build 17.0.15+9-LTS-241)
# Java VM: Java HotSpot(TM) 64-Bit Server VM (17.0.15+9-LTS-241, mixed mode, sharing, tiered, compressed oops, compressed class ptrs, g1 gc, windows-amd64)
GC Precious Log:
 CPUs: 16 total, 16 available
 Memory: 15709M
 Large Page Support: Disabled
 NUMA Support: Disabled
 Compressed Oops: Enabled (Zero based)
 Heap Region Size: 2M
 Heap Min Capacity: 8M
 Heap Initial Capacity: 246M
 Heap Max Capacity: 3928M
 Pre-touch: Disabled
 Parallel Workers: 13
 Concurrent Workers: 3
 Concurrent Refinement Workers: 13
 Periodic GC: Disabled
Heap:
 garbage-first heap   total 75776K, used 26563K [0x000000070a800000, 0x0000000800000000)
  region size 2048K, 2 young (4096K), 2 survivors (4096K)
 Metaspace       used 32739K, committed 33216K, reserved 1114112K
  class space    used 4204K, committed 4416K, reserved 1048576K
GC Heap History (15 events):
Event: 0.804 GC heap before
{Heap before GC invocations=0 (full 0):
 garbage-first heap   total 251904K, used 20480K [0x000000070a800000, 0x0000000800000000)
  region size 2048K, 11 young (22528K), 0 survivors (0K)
 Metaspace       used 2925K, committed 3008K, reserved 1114112K
  class space    used 289K, committed 320K, reserved 1048576K
}
Event: 0.812 GC heap after
{Heap after GC invocations=1 (full 0):
 garbage-first heap   total 251904K, used 9481K [0x000000070a800000, 0x0000000800000000)
  region size 2048K, 2 young (4096K), 2 survivors (4096K)
 Metaspace       used 2925K, committed 3008K, reserved 1114112K
  class space    used 289K, committed 320K, reserved 1048576K
}
Event: 1.264 GC heap before
{Heap before GC invocations=1 (full 0):
 garbage-first heap   total 251904K, used 21769K [0x000000070a800000, 0x0000000800000000)
  region size 2048K, 9 young (18432K), 2 survivors (4096K)
 Metaspace       used 5895K, committed 6080K, reserved 1114112K
  class space    used 635K, committed 704K, reserved 1048576K
}
Event: 1.269 GC heap after
{Heap after GC invocations=2 (full 0):
 garbage-first heap   total 251904K, used 13446K [0x000000070a800000, 0x0000000800000000)
  region size 2048K, 2 young (4096K), 2 survivors (4096K)
 Metaspace       used 5895K, committed 6080K, reserved 1114112K
  class space    used 635K, committed 704K, reserved 1048576K
}
Event: 2.651 GC heap before
{Heap before GC invocations=2 (full 0):
 garbage-first heap   total 251904K, used 50310K [0x000000070a800000, 0x0000000800000000)
  region size 2048K, 20 young (40960K), 2 survivors (4096K)
 Metaspace       used 13315K, committed 13632K, reserved 1114112K
  class space    used 1614K, committed 1792K, reserved 1048576K
}
Event: 2.656 GC heap after
{Heap after GC invocations=3 (full 0):
 garbage-first heap   total 251904K, used 15225K [0x000000070a800000, 0x0000000800000000)
  region size 2048K, 2 young (4096K), 2 survivors (4096K)
 Metaspace       used 13315K, committed 13632K, reserved 1114112K
  class space    used 1614K, committed 1792K, reserved 1048576K
}
Event: 4.242 GC heap before
{Heap before GC invocations=3 (full 0):
 garbage-first heap   total 251904K, used 62329K [0x000000070a800000, 0x0000000800000000)
  region size 2048K, 26 young (53248K), 2 survivors (4096K)
 Metaspace       used 21173K, committed 21504K, reserved 1114112K
  class space    used 2585K, committed 2752K, reserved 1048576K
}
Event: 4.250 GC heap after
{Heap after GC invocations=4 (full 0):
 garbage-first heap   total 251904K, used 19129K [0x000000070a800000, 0x0000000800000000)
  region size 2048K, 3 young (6144K), 3 survivors (6144K)
 Metaspace       used 21173K, committed 21504K, reserved 1114112K
  class space    used 2585K, committed 2752K, reserved 1048576K
}
Event: 5.865 GC heap before
{Heap before GC invocations=5 (full 0):
 garbage-first heap   total 75776K, used 58041K [0x000000070a800000, 0x0000000800000000)
  region size 2048K, 22 young (45056K), 3 survivors (6144K)
 Metaspace       used 26921K, committed 27328K, reserved 1114112K
  class space    used 3360K, committed 3520K, reserved 1048576K
}
Event: 5.874 GC heap after
{Heap after GC invocations=6 (full 0):
 garbage-first heap   total 75776K, used 23046K [0x000000070a800000, 0x0000000800000000)
  region size 2048K, 3 young (6144K), 3 survivors (6144K)
 Metaspace       used 26921K, committed 27328K, reserved 1114112K
  class space    used 3360K, committed 3520K, reserved 1048576K
}
Event: 5.876 GC heap before
{Heap before GC invocations=6 (full 0):
 garbage-first heap   total 75776K, used 25094K [0x000000070a800000, 0x0000000800000000)
  region size 2048K, 4 young (8192K), 3 survivors (6144K)
 Metaspace       used 26921K, committed 27328K, reserved 1114112K
  class space    used 3360K, committed 3520K, reserved 1048576K
}
Event: 5.881 GC heap after
{Heap after GC invocations=7 (full 0):
 garbage-first heap   total 75776K, used 22252K [0x000000070a800000, 0x0000000800000000)
  region size 2048K, 1 young (2048K), 1 survivors (2048K)
 Metaspace       used 26921K, committed 27328K, reserved 1114112K
  class space    used 3360K, committed 3520K, reserved 1048576K
}
Event: 6.221 GC heap before
{Heap before GC invocations=7 (full 0):
 garbage-first heap   total 75776K, used 46828K [0x000000070a800000, 0x0000000800000000)
  region size 2048K, 14 young (28672K), 1 survivors (2048K)
 Metaspace       used 28131K, committed 28544K, reserved 1114112K
  class space    used 3505K, committed 3712K, reserved 1048576K
}
Event: 6.225 GC heap after
{Heap after GC invocations=8 (full 0):
 garbage-first heap   total 75776K, used 24112K [0x000000070a800000, 0x0000000800000000)
  region size 2048K, 2 young (4096K), 2 survivors (4096K)
 Metaspace       used 28131K, committed 28544K, reserved 1114112K
  class space    used 3505K, committed 3712K, reserved 1048576K
}
Event: 7.266 GC heap before
{Heap before GC invocations=8 (full 0):
 garbage-first heap   total 75776K, used 46640K [0x000000070a800000, 0x0000000800000000)
  region size 2048K, 14 young (28672K), 2 survivors (4096K)
 Metaspace       used 32739K, committed 33216K, reserved 1114112K
  class space    used 4204K, committed 4416K, reserved 1048576K
}

